<?xml version="1.0" encoding="UTF-8"?>
<!-- Generated by org.testng.reporters.JUnitReportReporter -->
<testsuite hostname="aziz" failures="0" tests="1" name="com.qa.tests.LoginTests" time="12.693" errors="0" timestamp="2023-01-16T15:34:56 CET" skipped="0">
  <testcase classname="com.qa.tests.LoginTests" name="successfullLogin" time="12.693"/>
  <system-out/>
</testsuite> <!-- com.qa.tests.LoginTests -->
